Welcome to the Hangman Game!
Please choose a size of a word to be guessed [3 - 12, default any size]:
The word size is set to 3.
Please choose a number of lives [1 - 10, default 5]:
You have 2 lives.
Letters chosen: 
__  __  __   lives: 2 OO
Please choose a new letter >
You guessed right!
Letters chosen: A
__  A  __   lives: 2 OO
Please choose a new letter >
You guessed wrong, you lost one life.
Letters chosen: A, C
__  A  __   lives: 1 XO
Please choose a new letter >
You guessed right!
Letters chosen: A, C, B
B  A  __   lives: 1 XO
Please choose a new letter >
You guessed right!
Letters chosen: A, C, B, T
B  A  T   lives: 1 XO
Congratulations!!! You won! The word is BAT!
Would you like to play again [Y/N]?
Goodbye!
