Welcome to TIC-TAC-TOE Game!

   A   B   C  
 +---+---+---+
1|   |   |   |
 +---+---+---+
2|   |   |   |
 +---+---+---+
3|   |   |   |
 +---+---+---+

Bob, X: Enter a cell [A-C][1-3]: 

   A   B   C  
 +---+---+---+
1| X |   |   |
 +---+---+---+
2|   |   |   |
 +---+---+---+
3|   |   |   |
 +---+---+---+

Alice, O: Enter a cell [A-C][1-3]: 

   A   B   C  
 +---+---+---+
1| X |   |   |
 +---+---+---+
2|   |   |   |
 +---+---+---+
3|   |   | O |
 +---+---+---+

Bob, X: Enter a cell [A-C][1-3]: 

   A   B   C  
 +---+---+---+
1| X |   |   |
 +---+---+---+
2| X |   |   |
 +---+---+---+
3|   |   | O |
 +---+---+---+

Alice, O: Enter a cell [A-C][1-3]: 

   A   B   C  
 +---+---+---+
1| X |   |   |
 +---+---+---+
2| X |   |   |
 +---+---+---+
3| O |   | O |
 +---+---+---+

Bob, X: Enter a cell [A-C][1-3]: 

   A   B   C  
 +---+---+---+
1| X |   | X |
 +---+---+---+
2| X |   |   |
 +---+---+---+
3| O |   | O |
 +---+---+---+

Alice, O: Enter a cell [A-C][1-3]: 

   A   B   C  
 +---+---+---+
1| X |   | X |
 +---+---+---+
2| X |   |   |
 +---+---+---+
3| O | O | O |
 +---+---+---+
Alice is a winner!
Would you like to play again? [Y/N] 
Goodbye!
