Welcome to TIC-TAC-TOE Game!

   A   B   C  
 +---+---+---+
1|   |   |   |
 +---+---+---+
2|   |   |   |
 +---+---+---+
3|   |   |   |
 +---+---+---+

Bob, X: Enter a cell [A-C][1-3]: 

   A   B   C  
 +---+---+---+
1|   |   | X |
 +---+---+---+
2|   |   |   |
 +---+---+---+
3|   |   |   |
 +---+---+---+

Alice, O: Enter a cell [A-C][1-3]: 

   A   B   C  
 +---+---+---+
1| O |   | X |
 +---+---+---+
2|   |   |   |
 +---+---+---+
3|   |   |   |
 +---+---+---+

Bob, X: Enter a cell [A-C][1-3]: 
You did not choose correctly.

Bob, X: Enter a cell [A-C][1-3]: 

   A   B   C  
 +---+---+---+
1| O |   | X |
 +---+---+---+
2|   |   |   |
 +---+---+---+
3| X |   |   |
 +---+---+---+

Alice, O: Enter a cell [A-C][1-3]: 

   A   B   C  
 +---+---+---+
1| O |   | X |
 +---+---+---+
2|   |   |   |
 +---+---+---+
3| X |   | O |
 +---+---+---+

Bob, X: Enter a cell [A-C][1-3]: 

   A   B   C  
 +---+---+---+
1| O |   | X |
 +---+---+---+
2|   |   | X |
 +---+---+---+
3| X |   | O |
 +---+---+---+

Alice, O: Enter a cell [A-C][1-3]: 

   A   B   C  
 +---+---+---+
1| O |   | X |
 +---+---+---+
2| O |   | X |
 +---+---+---+
3| X |   | O |
 +---+---+---+

Bob, X: Enter a cell [A-C][1-3]: 

   A   B   C  
 +---+---+---+
1| O |   | X |
 +---+---+---+
2| O |   | X |
 +---+---+---+
3| X | X | O |
 +---+---+---+

Alice, O: Enter a cell [A-C][1-3]: 

   A   B   C  
 +---+---+---+
1| O | O | X |
 +---+---+---+
2| O |   | X |
 +---+---+---+
3| X | X | O |
 +---+---+---+

Bob, X: Enter a cell [A-C][1-3]: 

   A   B   C  
 +---+---+---+
1| O | O | X |
 +---+---+---+
2| O | X | X |
 +---+---+---+
3| X | X | O |
 +---+---+---+
Bob is a winner!
Would you like to play again? [Y/N] 

   A   B   C  
 +---+---+---+
1|   |   |   |
 +---+---+---+
2|   |   |   |
 +---+---+---+
3|   |   |   |
 +---+---+---+

Bob, X: Enter a cell [A-C][1-3]: 

   A   B   C  
 +---+---+---+
1| X |   |   |
 +---+---+---+
2|   |   |   |
 +---+---+---+
3|   |   |   |
 +---+---+---+

Alice, O: Enter a cell [A-C][1-3]: 

   A   B   C  
 +---+---+---+
1| X |   |   |
 +---+---+---+
2|   |   |   |
 +---+---+---+
3|   |   | O |
 +---+---+---+

Bob, X: Enter a cell [A-C][1-3]: 

   A   B   C  
 +---+---+---+
1| X |   | X |
 +---+---+---+
2|   |   |   |
 +---+---+---+
3|   |   | O |
 +---+---+---+

Alice, O: Enter a cell [A-C][1-3]: 

   A   B   C  
 +---+---+---+
1| X |   | X |
 +---+---+---+
2|   | O |   |
 +---+---+---+
3|   |   | O |
 +---+---+---+

Bob, X: Enter a cell [A-C][1-3]: 

   A   B   C  
 +---+---+---+
1| X |   | X |
 +---+---+---+
2|   | O |   |
 +---+---+---+
3|   | X | O |
 +---+---+---+

Alice, O: Enter a cell [A-C][1-3]: 

   A   B   C  
 +---+---+---+
1| X | O | X |
 +---+---+---+
2|   | O |   |
 +---+---+---+
3|   | X | O |
 +---+---+---+

Bob, X: Enter a cell [A-C][1-3]: 
You did not choose correctly.

Bob, X: Enter a cell [A-C][1-3]: 

   A   B   C  
 +---+---+---+
1| X | O | X |
 +---+---+---+
2|   | O |   |
 +---+---+---+
3| X | X | O |
 +---+---+---+

Alice, O: Enter a cell [A-C][1-3]: 

   A   B   C  
 +---+---+---+
1| X | O | X |
 +---+---+---+
2| O | O |   |
 +---+---+---+
3| X | X | O |
 +---+---+---+

Bob, X: Enter a cell [A-C][1-3]: 

   A   B   C  
 +---+---+---+
1| X | O | X |
 +---+---+---+
2| O | O | X |
 +---+---+---+
3| X | X | O |
 +---+---+---+
It is a tie!
Would you like to play again? [Y/N] 
Goodbye!
